#
# There is insufficient memory for the Java Runtime Environment to continue.
# Native memory allocation (malloc) failed to allocate 170176 bytes for Chunk::new
# Possible reasons:
#   The system is out of physical RAM or swap space
#   In 32 bit mode, the process size limit was hit
# Possible solutions:
#   Reduce memory load on the system
#   Increase physical memory or swap space
#   Check if swap backing store is full
#   Use 64 bit Java on a 64 bit OS
#   Decrease Java heap size (-Xmx/-Xms)
#   Decrease number of Java threads
#   Decrease Java thread stack sizes (-Xss)
#   Set larger code cache with -XX:ReservedCodeCacheSize=
# This output file may be truncated or incomplete.
#
#  Out of Memory Error (allocation.cpp:390), pid=11044, tid=0x0000000000002a18
#
# JRE version: Java(TM) SE Runtime Environment (8.0_151-b12) (build 1.8.0_151-b12)
# Java VM: Java HotSpot(TM) 64-Bit Server VM (25.151-b12 mixed mode windows-amd64 compressed oops)
# Failed to write core dump. Minidumps are not enabled by default on client versions of Windows
#

---------------  T H R E A D  ---------------

Current thread (0x000000001b3aa800):  JavaThread "C2 CompilerThread1" daemon [_thread_in_native, id=10776, stack(0x000000001b7b0000,0x000000001b8b0000)]

Stack: [0x000000001b7b0000,0x000000001b8b0000]
[error occurred during error reporting (printing stack bounds), id 0xc0000005]

Native frames: (J=compiled Java code, j=interpreted, Vv=VM code, C=native code)


Current CompileTask:
C2:   1723  913       4       jdk.internal.org.objectweb.asm.ClassWriter::newUTF8 (70 bytes)


---------------  P R O C E S S  ---------------

Java Threads: ( => current thread )
  0x000000001c179800 JavaThread "Prism Font Disposer" daemon [_thread_blocked, id=2052, stack(0x0000000025d40000,0x0000000025e40000)]
  0x000000001bdf5000 JavaThread "JavaFX-Launcher" [_thread_blocked, id=3704, stack(0x0000000023430000,0x0000000023530000)]
  0x000000001be2d800 JavaThread "Thread-2" daemon [_thread_in_native, id=1824, stack(0x0000000023330000,0x0000000023430000)]
  0x000000001bdda800 JavaThread "JavaFX Application Thread" [_thread_in_Java, id=708, stack(0x000000001ca00000,0x000000001cb00000)]
  0x000000001bd7f000 JavaThread "Thread-1" daemon [_thread_blocked, id=6932, stack(0x000000001c900000,0x000000001ca00000)]
  0x000000001bd77800 JavaThread "QuantumRenderer-0" daemon [_thread_blocked, id=12700, stack(0x000000001c5e0000,0x000000001c6e0000)]
  0x000000001b435000 JavaThread "Service Thread" daemon [_thread_blocked, id=7804, stack(0x000000001b9b0000,0x000000001bab0000)]
  0x000000001b403800 JavaThread "C1 CompilerThread2" daemon [_thread_in_native, id=13532, stack(0x000000001b8b0000,0x000000001b9b0000)]
=>0x000000001b3aa800 JavaThread "C2 CompilerThread1" daemon [_thread_in_native, id=10776, stack(0x000000001b7b0000,0x000000001b8b0000)]
  0x000000001b3aa000 JavaThread "C2 CompilerThread0" daemon [_thread_in_vm, id=1840, stack(0x000000001b6b0000,0x000000001b7b0000)]
  0x000000001b35c800 JavaThread "Monitor Ctrl-Break" daemon [_thread_in_native, id=5124, stack(0x000000001b5b0000,0x000000001b6b0000)]
  0x0000000019a7b000 JavaThread "Attach Listener" daemon [_thread_blocked, id=9980, stack(0x000000001b0b0000,0x000000001b1b0000)]
  0x0000000019a7a000 JavaThread "Signal Dispatcher" daemon [_thread_blocked, id=8700, stack(0x000000001afb0000,0x000000001b0b0000)]
  0x0000000019a58800 JavaThread "Finalizer" daemon [_thread_blocked, id=10440, stack(0x000000001acc0000,0x000000001adc0000)]
  0x0000000004f94000 JavaThread "Reference Handler" daemon [_thread_blocked, id=12276, stack(0x000000001abc0000,0x000000001acc0000)]
  0x0000000004ea4000 JavaThread "main" [_thread_blocked, id=12836, stack(0x0000000004a20000,0x0000000004b20000)]

Other Threads:
  0x0000000019a37000 VMThread [stack: 0x000000001aac0000,0x000000001abc0000] [id=5044]
  0x000000001b4cb800 WatcherThread [stack: 0x000000001bab0000,0x000000001bbb0000] [id=8728]

VM state:not at safepoint (normal execution)

VM Mutex/Monitor currently owned by a thread: None

Heap:
 PSYoungGen      total 37888K, used 15393K [0x00000000d6100000, 0x00000000d8b00000, 0x0000000100000000)
  eden space 32768K, 46% used [0x00000000d6100000,0x00000000d7008780,0x00000000d8100000)
  from space 5120K, 0% used [0x00000000d8100000,0x00000000d8100000,0x00000000d8600000)
  to   space 5120K, 0% used [0x00000000d8600000,0x00000000d8600000,0x00000000d8b00000)
 ParOldGen       total 60416K, used 2613K [0x0000000082200000, 0x0000000085d00000, 0x00000000d6100000)
  object space 60416K, 4% used [0x0000000082200000,0x000000008248d418,0x0000000085d00000)
 Metaspace       used 14458K, capacity 15094K, committed 15360K, reserved 1064960K
  class space    used 2034K, capacity 2180K, committed 2304K, reserved 1048576K

Card table byte_map: [0x0000000014360000,0x0000000014750000] byte_map_base: 0x0000000013f4f000

Marking Bits: (ParMarkBitMap*) 0x000000005b0dd850
 Begin Bits: [0x0000000014df0000, 0x0000000016d68000)
 End Bits:   [0x0000000016d68000, 0x0000000018ce0000)

Polling page: 0x00000000031d0000

CodeCache: size=245760Kb used=3703Kb max_used=3703Kb free=242056Kb
 bounds [0x0000000004fa0000, 0x0000000005340000, 0x0000000013fa0000]
 total_blobs=1543 nmethods=988 adapters=468
 compilation: enabled

Compilation events (10 events):
Event: 1.669 Thread 0x000000001b403800  927       1       java.lang.invoke.InnerClassLambdaMetafactory::access$200 (5 bytes)
Event: 1.669 Thread 0x000000001b403800 nmethod 927 0x00000000053175d0 code [0x0000000005317720, 0x0000000005317810]
Event: 1.669 Thread 0x000000001b403800  928       1       java.lang.invoke.InnerClassLambdaMetafactory::access$500 (5 bytes)
Event: 1.669 Thread 0x000000001b403800 nmethod 928 0x0000000005317310 code [0x0000000005317460, 0x0000000005317550]
Event: 1.669 Thread 0x000000001b403800  929       1       java.lang.invoke.InnerClassLambdaMetafactory::access$600 (5 bytes)
Event: 1.669 Thread 0x000000001b403800 nmethod 929 0x0000000005317050 code [0x00000000053171a0, 0x0000000005317290]
Event: 1.669 Thread 0x000000001b403800  931       3       java.lang.invoke.ConstantCallSite::getTarget (20 bytes)
Event: 1.669 Thread 0x000000001b403800 nmethod 931 0x0000000005316b90 code [0x0000000005316d00, 0x0000000005316f68]
Event: 1.669 Thread 0x000000001b403800  930       1       java.lang.invoke.InnerClassLambdaMetafactory::access$700 (5 bytes)
Event: 1.670 Thread 0x000000001b403800 nmethod 930 0x00000000053168d0 code [0x0000000005316a20, 0x0000000005316b10]

GC Heap History (4 events):
Event: 1.093 GC heap before
{Heap before GC invocations=1 (full 0):
 PSYoungGen      total 37888K, used 21809K [0x00000000d6100000, 0x00000000d8b00000, 0x0000000100000000)
  eden space 32768K, 66% used [0x00000000d6100000,0x00000000d764c7c0,0x00000000d8100000)
  from space 5120K, 0% used [0x00000000d8600000,0x00000000d8600000,0x00000000d8b00000)
  to   space 5120K, 0% used [0x00000000d8100000,0x00000000d8100000,0x00000000d8600000)
 ParOldGen       total 86016K, used 0K [0x0000000082200000, 0x0000000087600000, 0x00000000d6100000)
  object space 86016K, 0% used [0x0000000082200000,0x0000000082200000,0x0000000087600000)
 Metaspace       used 9925K, capacity 10188K, committed 10368K, reserved 1062912K
  class space    used 1203K, capacity 1303K, committed 1408K, reserved 1048576K
Event: 1.101 GC heap after
Heap after GC invocations=1 (full 0):
 PSYoungGen      total 37888K, used 2723K [0x00000000d6100000, 0x00000000d8b00000, 0x0000000100000000)
  eden space 32768K, 0% used [0x00000000d6100000,0x00000000d6100000,0x00000000d8100000)
  from space 5120K, 53% used [0x00000000d8100000,0x00000000d83a8c88,0x00000000d8600000)
  to   space 5120K, 0% used [0x00000000d8600000,0x00000000d8600000,0x00000000d8b00000)
 ParOldGen       total 86016K, used 8K [0x0000000082200000, 0x0000000087600000, 0x00000000d6100000)
  object space 86016K, 0% used [0x0000000082200000,0x0000000082202000,0x0000000087600000)
 Metaspace       used 9925K, capacity 10188K, committed 10368K, reserved 1062912K
  class space    used 1203K, capacity 1303K, committed 1408K, reserved 1048576K
}
Event: 1.101 GC heap before
{Heap before GC invocations=2 (full 1):
 PSYoungGen      total 37888K, used 2723K [0x00000000d6100000, 0x00000000d8b00000, 0x0000000100000000)
  eden space 32768K, 0% used [0x00000000d6100000,0x00000000d6100000,0x00000000d8100000)
  from space 5120K, 53% used [0x00000000d8100000,0x00000000d83a8c88,0x00000000d8600000)
  to   space 5120K, 0% used [0x00000000d8600000,0x00000000d8600000,0x00000000d8b00000)
 ParOldGen       total 86016K, used 8K [0x0000000082200000, 0x0000000087600000, 0x00000000d6100000)
  object space 86016K, 0% used [0x0000000082200000,0x0000000082202000,0x0000000087600000)
 Metaspace       used 9925K, capacity 10188K, committed 10368K, reserved 1062912K
  class space    used 1203K, capacity 1303K, committed 1408K, reserved 1048576K
Event: 1.123 GC heap after
Heap after GC invocations=2 (full 1):
 PSYoungGen      total 37888K, used 0K [0x00000000d6100000, 0x00000000d8b00000, 0x0000000100000000)
  eden space 32768K, 0% used [0x00000000d6100000,0x00000000d6100000,0x00000000d8100000)
  from space 5120K, 0% used [0x00000000d8100000,0x00000000d8100000,0x00000000d8600000)
  to   space 5120K, 0% used [0x00000000d8600000,0x00000000d8600000,0x00000000d8b00000)
 ParOldGen       total 60416K, used 2613K [0x0000000082200000, 0x0000000085d00000, 0x00000000d6100000)
  object space 60416K, 4% used [0x0000000082200000,0x000000008248d418,0x0000000085d00000)
 Metaspace       used 9925K, capacity 10188K, committed 10368K, reserved 1060864K
  class space    used 1203K, capacity 1303K, committed 1408K, reserved 1048576K
}

Deoptimization events (10 events):
Event: 1.197 Thread 0x000000001bdda800 Uncommon trap: reason=unstable_if action=reinterpret pc=0x0000000005238fc8 method=java.util.HashMap.getNode(ILjava/lang/Object;)Ljava/util/HashMap$Node; @ 84
Event: 1.355 Thread 0x000000001bdda800 Uncommon trap: reason=unstable_if action=reinterpret pc=0x000000000525935c method=java.util.HashMap.hash(Ljava/lang/Object;)I @ 1
Event: 1.537 Thread 0x000000001bdda800 Uncommon trap: reason=class_check action=maybe_recompile pc=0x00000000052423e0 method=java.io.DataInputStream.readShort()S @ 4
Event: 1.538 Thread 0x000000001bdda800 Uncommon trap: reason=class_check action=maybe_recompile pc=0x00000000052423e0 method=java.io.DataInputStream.readShort()S @ 4
Event: 1.539 Thread 0x000000001bdda800 Uncommon trap: reason=class_check action=maybe_recompile pc=0x00000000052423e0 method=java.io.DataInputStream.readShort()S @ 4
Event: 1.539 Thread 0x000000001bdda800 Uncommon trap: reason=class_check action=maybe_recompile pc=0x00000000052423e0 method=java.io.DataInputStream.readShort()S @ 4
Event: 1.546 Thread 0x000000001bdda800 Uncommon trap: reason=class_check action=maybe_recompile pc=0x00000000051399b0 method=java.lang.String.equals(Ljava/lang/Object;)Z @ 8
Event: 1.546 Thread 0x000000001bdda800 Uncommon trap: reason=class_check action=maybe_recompile pc=0x00000000051399b0 method=java.lang.String.equals(Ljava/lang/Object;)Z @ 8
Event: 1.546 Thread 0x000000001bdda800 Uncommon trap: reason=class_check action=maybe_recompile pc=0x00000000051399b0 method=java.lang.String.equals(Ljava/lang/Object;)Z @ 8
Event: 1.548 Thread 0x000000001bdda800 Uncommon trap: reason=class_check action=maybe_recompile pc=0x00000000051399b0 method=java.lang.String.equals(Ljava/lang/Object;)Z @ 8

Internal exceptions (10 events):
Event: 0.521 Thread 0x0000000004ea4000 Exception <a 'java/lang/NullPointerException'> (0x00000000d6672ab0) thrown at [C:\re\workspace\8-2-build-windows-amd64-cygwin\jdk8u151\9699\hotspot\src\share\vm\interpreter\linkResolver.cpp, line 1183]
Event: 0.547 Thread 0x0000000004ea4000 Implicit null exception at 0x00000000050c6195 to 0x00000000050c6361
Event: 1.029 Thread 0x000000001bdda800 Exception <a 'java/lang/NullPointerException'> (0x00000000d73a5fa8) thrown at [C:\re\workspace\8-2-build-windows-amd64-cygwin\jdk8u151\9699\hotspot\src\share\vm\interpreter\linkResolver.cpp, line 1183]
Event: 1.029 Thread 0x000000001bdda800 Exception <a 'java/lang/NullPointerException'> (0x00000000d73a5fa8) thrown at [C:\re\workspace\8-2-build-windows-amd64-cygwin\jdk8u151\9699\hotspot\src\share\vm\prims\jvm.cpp, line 1394]
Event: 1.241 Thread 0x000000001bdda800 Exception <a 'java/lang/ArrayIndexOutOfBoundsException': 70> (0x00000000d64c0eb0) thrown at [C:\re\workspace\8-2-build-windows-amd64-cygwin\jdk8u151\9699\hotspot\src\share\vm\interpreter\interpreterRuntime.cpp, line 366]
Event: 1.242 Thread 0x000000001bdda800 Exception <a 'java/lang/ArrayIndexOutOfBoundsException': 18> (0x00000000d64c5b50) thrown at [C:\re\workspace\8-2-build-windows-amd64-cygwin\jdk8u151\9699\hotspot\src\share\vm\interpreter\interpreterRuntime.cpp, line 366]
Event: 1.242 Thread 0x000000001bdda800 Exception <a 'java/lang/ArrayIndexOutOfBoundsException': 86> (0x00000000d64c79f8) thrown at [C:\re\workspace\8-2-build-windows-amd64-cygwin\jdk8u151\9699\hotspot\src\share\vm\interpreter\interpreterRuntime.cpp, line 366]
Event: 1.252 Thread 0x000000001bdda800 Exception <a 'java/lang/ArrayIndexOutOfBoundsException'> (0x00000000d64f7df0) thrown at [C:\re\workspace\8-2-build-windows-amd64-cygwin\jdk8u151\9699\hotspot\src\share\vm\runtime\sharedRuntime.cpp, line 605]
Event: 1.264 Thread 0x000000001bdda800 Exception <a 'java/lang/ArrayIndexOutOfBoundsException'> (0x00000000d6551810) thrown at [C:\re\workspace\8-2-build-windows-amd64-cygwin\jdk8u151\9699\hotspot\src\share\vm\runtime\sharedRuntime.cpp, line 605]
Event: 1.355 Thread 0x000000001bdda800 Implicit null exception at 0x0000000005259135 to 0x000000000525934d

Events (10 events):
Event: 1.675 loading class javafx/scene/shape/Shape$StyleableProperties$7
Event: 1.675 loading class javafx/scene/shape/Shape$StyleableProperties$7 done
Event: 1.675 loading class javafx/scene/shape/Shape$StyleableProperties$8
Event: 1.675 loading class javafx/scene/shape/Shape$StyleableProperties$8 done
Event: 1.675 loading class javafx/scene/shape/Shape$StyleableProperties$9
Event: 1.675 loading class javafx/scene/shape/Shape$StyleableProperties$9 done
Event: 1.675 loading class javafx/scene/shape/Shape$StyleableProperties$10
Event: 1.675 loading class javafx/scene/shape/Shape$StyleableProperties$10 done
Event: 1.677 loading class javafx/scene/text/Text$TextAttribute
Event: 1.677 loading class javafx/scene/text/Text$TextAttribute done


Dynamic libraries:
0x00007ff6f3cc0000 - 0x00007ff6f3cf7000 	C:\Program Files\Java\jdk1.8.0_151\bin\java.exe
0x00007ff9918b0000 - 0x00007ff991a90000 	C:\WINDOWS\SYSTEM32\ntdll.dll
0x00007ff991360000 - 0x00007ff99140e000 	C:\WINDOWS\System32\KERNEL32.DLL
0x00007ff98e5a0000 - 0x00007ff98e806000 	C:\WINDOWS\System32\KERNELBASE.dll
0x00007ff991470000 - 0x00007ff991511000 	C:\WINDOWS\System32\ADVAPI32.dll
0x00007ff9917d0000 - 0x00007ff99186d000 	C:\WINDOWS\System32\msvcrt.dll
0x00007ff9912d0000 - 0x00007ff99132b000 	C:\WINDOWS\System32\sechost.dll
0x00007ff991650000 - 0x00007ff99176f000 	C:\WINDOWS\System32\RPCRT4.dll
0x00007ff98ef70000 - 0x00007ff98f0ff000 	C:\WINDOWS\System32\USER32.dll
0x00007ff98dcb0000 - 0x00007ff98dcd0000 	C:\WINDOWS\System32\win32u.dll
0x00007ff9912a0000 - 0x00007ff9912c8000 	C:\WINDOWS\System32\GDI32.dll
0x00007ff98eb30000 - 0x00007ff98ecc3000 	C:\WINDOWS\System32\gdi32full.dll
0x00007ff98e810000 - 0x00007ff98e8ab000 	C:\WINDOWS\System32\msvcp_win.dll
0x00007ff98dcd0000 - 0x00007ff98ddc6000 	C:\WINDOWS\System32\ucrtbase.dll
0x00007ff9800c0000 - 0x00007ff980329000 	C:\WINDOWS\WinSxS\amd64_microsoft.windows.common-controls_6595b64144ccf1df_6.0.16299.371_none_15c7d1789365a290\COMCTL32.dll
0x00007ff990f90000 - 0x00007ff991298000 	C:\WINDOWS\System32\combase.dll
0x00007ff98ddd0000 - 0x00007ff98de42000 	C:\WINDOWS\System32\bcryptPrimitives.dll
0x00007ff991330000 - 0x00007ff99135d000 	C:\WINDOWS\System32\IMM32.DLL
0x000000005b160000 - 0x000000005b232000 	C:\Program Files\Java\jdk1.8.0_151\jre\bin\msvcr100.dll
0x000000005a8c0000 - 0x000000005b15d000 	C:\Program Files\Java\jdk1.8.0_151\jre\bin\server\jvm.dll
0x00007ff990f80000 - 0x00007ff990f88000 	C:\WINDOWS\System32\PSAPI.DLL
0x00007ff98c890000 - 0x00007ff98c899000 	C:\WINDOWS\SYSTEM32\WSOCK32.dll
0x00007ff990e60000 - 0x00007ff990ecc000 	C:\WINDOWS\System32\WS2_32.dll
0x00007ff9896b0000 - 0x00007ff9896d3000 	C:\WINDOWS\SYSTEM32\WINMM.dll
0x00007ff980850000 - 0x00007ff98085a000 	C:\WINDOWS\SYSTEM32\VERSION.dll
0x00007ff989680000 - 0x00007ff9896aa000 	C:\WINDOWS\SYSTEM32\WINMMBASE.dll
0x00007ff98e8b0000 - 0x00007ff98e8fa000 	C:\WINDOWS\System32\cfgmgr32.dll
0x000000005c090000 - 0x000000005c09f000 	C:\Program Files\Java\jdk1.8.0_151\jre\bin\verify.dll
0x000000005bdf0000 - 0x000000005be19000 	C:\Program Files\Java\jdk1.8.0_151\jre\bin\java.dll
0x000000005bdc0000 - 0x000000005bde3000 	C:\Program Files\Java\jdk1.8.0_151\jre\bin\instrument.dll
0x000000005bda0000 - 0x000000005bdb6000 	C:\Program Files\Java\jdk1.8.0_151\jre\bin\zip.dll
0x00007ff98f8c0000 - 0x00007ff990cf6000 	C:\WINDOWS\System32\SHELL32.dll
0x00007ff990ed0000 - 0x00007ff990f76000 	C:\WINDOWS\System32\shcore.dll
0x00007ff98de50000 - 0x00007ff98e597000 	C:\WINDOWS\System32\windows.storage.dll
0x00007ff991770000 - 0x00007ff9917c1000 	C:\WINDOWS\System32\shlwapi.dll
0x00007ff98dc90000 - 0x00007ff98dca1000 	C:\WINDOWS\System32\kernel.appcore.dll
0x00007ff98dc00000 - 0x00007ff98dc4c000 	C:\WINDOWS\System32\powrprof.dll
0x00007ff98dc70000 - 0x00007ff98dc8b000 	C:\WINDOWS\System32\profapi.dll
0x00007ff9868c0000 - 0x00007ff9868da000 	C:\Program Files\JetBrains\IntelliJ IDEA 2017.2.6\bin\breakgen64.dll
0x000000005bd80000 - 0x000000005bd9a000 	C:\Program Files\Java\jdk1.8.0_151\jre\bin\net.dll
0x00007ff98d490000 - 0x00007ff98d4f6000 	C:\WINDOWS\system32\mswsock.dll
0x0000000004b20000 - 0x0000000004b23000 	C:\Program Files\Java\jdk1.8.0_151\jre\bin\api-ms-win-core-console-l1-1-0.dll
0x0000000004b30000 - 0x0000000004b33000 	C:\Program Files\Java\jdk1.8.0_151\jre\bin\api-ms-win-core-datetime-l1-1-0.dll
0x0000000004b50000 - 0x0000000004b53000 	C:\Program Files\Java\jdk1.8.0_151\jre\bin\api-ms-win-core-debug-l1-1-0.dll
0x0000000004b60000 - 0x0000000004b63000 	C:\Program Files\Java\jdk1.8.0_151\jre\bin\api-ms-win-core-errorhandling-l1-1-0.dll
0x0000000004b70000 - 0x0000000004b74000 	C:\Program Files\Java\jdk1.8.0_151\jre\bin\api-ms-win-core-file-l1-1-0.dll
0x0000000004b80000 - 0x0000000004b83000 	C:\Program Files\Java\jdk1.8.0_151\jre\bin\api-ms-win-core-file-l1-2-0.dll
0x0000000004b90000 - 0x0000000004b93000 	C:\Program Files\Java\jdk1.8.0_151\jre\bin\api-ms-win-core-file-l2-1-0.dll
0x0000000004ba0000 - 0x0000000004ba3000 	C:\Program Files\Java\jdk1.8.0_151\jre\bin\api-ms-win-core-handle-l1-1-0.dll
0x0000000004bb0000 - 0x0000000004bb3000 	C:\Program Files\Java\jdk1.8.0_151\jre\bin\api-ms-win-core-heap-l1-1-0.dll
0x0000000004bc0000 - 0x0000000004bc3000 	C:\Program Files\Java\jdk1.8.0_151\jre\bin\api-ms-win-core-interlocked-l1-1-0.dll
0x0000000004bd0000 - 0x0000000004bd3000 	C:\Program Files\Java\jdk1.8.0_151\jre\bin\api-ms-win-core-libraryloader-l1-1-0.dll
0x0000000004be0000 - 0x0000000004be3000 	C:\Program Files\Java\jdk1.8.0_151\jre\bin\api-ms-win-core-localization-l1-2-0.dll
0x0000000004bf0000 - 0x0000000004bf3000 	C:\Program Files\Java\jdk1.8.0_151\jre\bin\api-ms-win-core-memory-l1-1-0.dll
0x0000000004c00000 - 0x0000000004c03000 	C:\Program Files\Java\jdk1.8.0_151\jre\bin\api-ms-win-core-namedpipe-l1-1-0.dll
0x0000000004e20000 - 0x0000000004e23000 	C:\Program Files\Java\jdk1.8.0_151\jre\bin\api-ms-win-core-processenvironment-l1-1-0.dll
0x0000000004e30000 - 0x0000000004e33000 	C:\Program Files\Java\jdk1.8.0_151\jre\bin\api-ms-win-core-processthreads-l1-1-0.dll
0x0000000004e40000 - 0x0000000004e43000 	C:\Program Files\Java\jdk1.8.0_151\jre\bin\api-ms-win-core-processthreads-l1-1-1.dll
0x0000000004e50000 - 0x0000000004e53000 	C:\Program Files\Java\jdk1.8.0_151\jre\bin\api-ms-win-core-profile-l1-1-0.dll
0x0000000004e60000 - 0x0000000004e63000 	C:\Program Files\Java\jdk1.8.0_151\jre\bin\api-ms-win-core-rtlsupport-l1-1-0.dll
0x0000000004e70000 - 0x0000000004e73000 	C:\Program Files\Java\jdk1.8.0_151\jre\bin\api-ms-win-core-string-l1-1-0.dll
0x0000000004e80000 - 0x0000000004e83000 	C:\Program Files\Java\jdk1.8.0_151\jre\bin\api-ms-win-core-synch-l1-1-0.dll
0x000000001c3b0000 - 0x000000001c3b3000 	C:\Program Files\Java\jdk1.8.0_151\jre\bin\api-ms-win-core-synch-l1-2-0.dll
0x000000001c3c0000 - 0x000000001c3c3000 	C:\Program Files\Java\jdk1.8.0_151\jre\bin\api-ms-win-core-sysinfo-l1-1-0.dll
0x000000001c3d0000 - 0x000000001c3d3000 	C:\Program Files\Java\jdk1.8.0_151\jre\bin\api-ms-win-core-timezone-l1-1-0.dll
0x000000001c3e0000 - 0x000000001c3e3000 	C:\Program Files\Java\jdk1.8.0_151\jre\bin\api-ms-win-core-util-l1-1-0.dll
0x000000001c3f0000 - 0x000000001c3f3000 	C:\Program Files\Java\jdk1.8.0_151\jre\bin\api-ms-win-crt-conio-l1-1-0.dll
0x000000001c400000 - 0x000000001c404000 	C:\Program Files\Java\jdk1.8.0_151\jre\bin\api-ms-win-crt-convert-l1-1-0.dll
0x000000001c410000 - 0x000000001c413000 	C:\Program Files\Java\jdk1.8.0_151\jre\bin\api-ms-win-crt-environment-l1-1-0.dll
0x000000001c420000 - 0x000000001c423000 	C:\Program Files\Java\jdk1.8.0_151\jre\bin\api-ms-win-crt-filesystem-l1-1-0.dll
0x000000001c430000 - 0x000000001c433000 	C:\Program Files\Java\jdk1.8.0_151\jre\bin\api-ms-win-crt-heap-l1-1-0.dll
0x000000001c440000 - 0x000000001c443000 	C:\Program Files\Java\jdk1.8.0_151\jre\bin\api-ms-win-crt-locale-l1-1-0.dll
0x000000001c450000 - 0x000000001c455000 	C:\Program Files\Java\jdk1.8.0_151\jre\bin\api-ms-win-crt-math-l1-1-0.dll
0x000000001c460000 - 0x000000001c465000 	C:\Program Files\Java\jdk1.8.0_151\jre\bin\api-ms-win-crt-multibyte-l1-1-0.dll
0x000000001c470000 - 0x000000001c480000 	C:\Program Files\Java\jdk1.8.0_151\jre\bin\api-ms-win-crt-private-l1-1-0.dll
0x000000001c480000 - 0x000000001c483000 	C:\Program Files\Java\jdk1.8.0_151\jre\bin\api-ms-win-crt-process-l1-1-0.dll
0x000000001c490000 - 0x000000001c494000 	C:\Program Files\Java\jdk1.8.0_151\jre\bin\api-ms-win-crt-runtime-l1-1-0.dll
0x000000001c4a0000 - 0x000000001c4a4000 	C:\Program Files\Java\jdk1.8.0_151\jre\bin\api-ms-win-crt-stdio-l1-1-0.dll
0x000000001c4b0000 - 0x000000001c4b4000 	C:\Program Files\Java\jdk1.8.0_151\jre\bin\api-ms-win-crt-string-l1-1-0.dll
0x000000001c4c0000 - 0x000000001c4c3000 	C:\Program Files\Java\jdk1.8.0_151\jre\bin\api-ms-win-crt-time-l1-1-0.dll
0x000000001c4d0000 - 0x000000001c4d3000 	C:\Program Files\Java\jdk1.8.0_151\jre\bin\api-ms-win-crt-utility-l1-1-0.dll
0x00007ff9867c0000 - 0x00007ff9868b6000 	C:\Program Files\Java\jdk1.8.0_151\jre\bin\ucrtbase.dll
0x00007ff9786d0000 - 0x00007ff978721000 	C:\Program Files\Java\jdk1.8.0_151\jre\bin\concrt140.dll
0x00007ff965e40000 - 0x00007ff965edf000 	C:\WINDOWS\SYSTEM32\MSVCP140.dll
0x00007ff986750000 - 0x00007ff986766000 	C:\WINDOWS\SYSTEM32\VCRUNTIME140.dll
0x00007ff97a8d0000 - 0x00007ff97a8e6000 	C:\Program Files\Java\jdk1.8.0_151\jre\bin\vcruntime140.dll
0x00007ff963970000 - 0x00007ff963a0c000 	C:\Program Files\Java\jdk1.8.0_151\jre\bin\msvcp140.dll
0x000000005a890000 - 0x000000005a8b3000 	C:\Program Files\Java\jdk1.8.0_151\jre\bin\prism_d3d.dll
0x00007ff948ae0000 - 0x00007ff948c75000 	C:\WINDOWS\system32\d3d9.dll
0x00007ff98c090000 - 0x00007ff98c0ba000 	C:\WINDOWS\SYSTEM32\dwmapi.dll
0x00007ff98bdd0000 - 0x00007ff98be65000 	C:\WINDOWS\system32\uxtheme.dll
0x00007ff941b30000 - 0x00007ff945389000 	C:\WINDOWS\System32\DriverStore\FileRepository\igdlh64.inf_amd64_453d2af85bf95078\igdumdim64.dll
0x00007ff991580000 - 0x00007ff991645000 	C:\WINDOWS\System32\OLEAUT32.dll
0x00007ff990d10000 - 0x00007ff990e59000 	C:\WINDOWS\System32\ole32.dll
0x00007ff98f470000 - 0x00007ff98f8be000 	C:\WINDOWS\System32\SETUPAPI.dll
0x000000005a840000 - 0x000000005a889000 	C:\Program Files\Java\jdk1.8.0_151\jre\bin\glass.dll
0x00007ff98f100000 - 0x00007ff98f20a000 	C:\WINDOWS\System32\COMDLG32.dll
0x00007ff98ed80000 - 0x00007ff98eee7000 	C:\WINDOWS\System32\MSCTF.dll
0x00007ff9596e0000 - 0x00007ff959789000 	C:\Program Files\Common Files\microsoft shared\ink\tiptsf.dll
0x00007ff985070000 - 0x00007ff986672000 	C:\WINDOWS\System32\DriverStore\FileRepository\igdlh64.inf_amd64_453d2af85bf95078\igc64.dll
0x000000005a800000 - 0x000000005a814000 	C:\Program Files\Java\jdk1.8.0_151\jre\bin\javafx_font.dll
0x00007ff979ee0000 - 0x00007ff97a1f0000 	C:\WINDOWS\SYSTEM32\dwrite.dll
0x00007ff98f3d0000 - 0x00007ff98f46e000 	C:\WINDOWS\System32\clbcatq.dll
0x00007ff989b30000 - 0x00007ff989cdb000 	C:\WINDOWS\SYSTEM32\WindowsCodecs.dll
0x00007ff96d620000 - 0x00007ff96d66f000 	C:\WINDOWS\system32\dataexchange.dll
0x00007ff98a9b0000 - 0x00007ff98ac92000 	C:\WINDOWS\system32\d3d11.dll
0x00007ff98b770000 - 0x00007ff98b8b2000 	C:\WINDOWS\system32\dcomp.dll
0x00007ff98ca60000 - 0x00007ff98cb0f000 	C:\WINDOWS\system32\dxgi.dll
0x00007ff98c210000 - 0x00007ff98c38b000 	C:\WINDOWS\system32\twinapi.appcore.dll
0x00007ff98c180000 - 0x00007ff98c1a0000 	C:\WINDOWS\system32\RMCLIENT.dll
0x00007ff98d760000 - 0x00007ff98d785000 	C:\WINDOWS\system32\bcrypt.dll
0x00007ff962bf0000 - 0x00007ff962c24000 	C:\Program Files\Common Files\Microsoft Shared\Ink\rtscom.dll
0x00007ff97bbd0000 - 0x00007ff97bc68000 	C:\WINDOWS\System32\TextInputFramework.dll
0x00007ff98aca0000 - 0x00007ff98ad7c000 	C:\WINDOWS\System32\CoreMessaging.dll
0x00007ff989710000 - 0x00007ff9899fe000 	C:\WINDOWS\System32\CoreUIComponents.dll
0x00007ff98cd30000 - 0x00007ff98cd61000 	C:\WINDOWS\SYSTEM32\ntmarta.dll
0x00007ff98a190000 - 0x00007ff98a2c6000 	C:\WINDOWS\SYSTEM32\wintypes.dll

VM Arguments:
jvm_args: -javaagent:C:\Program Files\JetBrains\IntelliJ IDEA 2017.2.6\lib\idea_rt.jar=61872:C:\Program Files\JetBrains\IntelliJ IDEA 2017.2.6\bin -Dfile.encoding=UTF-8 
java_command: sample.Main
java_class_path (initial): C:\Program Files\Java\jdk1.8.0_151\jre\lib\charsets.jar;C:\Program Files\Java\jdk1.8.0_151\jre\lib\deploy.jar;C:\Program Files\Java\jdk1.8.0_151\jre\lib\ext\access-bridge-64.jar;C:\Program Files\Java\jdk1.8.0_151\jre\lib\ext\cldrdata.jar;C:\Program Files\Java\jdk1.8.0_151\jre\lib\ext\dnsns.jar;C:\Program Files\Java\jdk1.8.0_151\jre\lib\ext\jaccess.jar;C:\Program Files\Java\jdk1.8.0_151\jre\lib\ext\jfxrt.jar;C:\Program Files\Java\jdk1.8.0_151\jre\lib\ext\localedata.jar;C:\Program Files\Java\jdk1.8.0_151\jre\lib\ext\nashorn.jar;C:\Program Files\Java\jdk1.8.0_151\jre\lib\ext\sunec.jar;C:\Program Files\Java\jdk1.8.0_151\jre\lib\ext\sunjce_provider.jar;C:\Program Files\Java\jdk1.8.0_151\jre\lib\ext\sunmscapi.jar;C:\Program Files\Java\jdk1.8.0_151\jre\lib\ext\sunpkcs11.jar;C:\Program Files\Java\jdk1.8.0_151\jre\lib\ext\zipfs.jar;C:\Program Files\Java\jdk1.8.0_151\jre\lib\javaws.jar;C:\Program Files\Java\jdk1.8.0_151\jre\lib\jce.jar;C:\Program Files\Java\jdk1.8.0_151\jre\lib\jfr.jar;C:\Program Files\Java\jdk1.8.0_151\jre\lib\jfxswt.jar;C:\Program Files\Java\jdk1.8.0_151\jre\lib\jsse.jar;C:\Program Files\Java\jdk1.8.0_151\jre\lib\management-agent.jar;C:\Program Files\Java\jdk1.8.0_151\jre\lib\plugin.jar;C:\Program Files\Java\jdk1.8.0_151\jre\lib\resources.jar;C:\Program Files\Java\jdk1.8.0_151\jre\lib\rt.jar;C:\Users\Somnath\Downloads\WhatsApp for Java Mobile Phone.jar;C:\Users\Somnath\Documents\GitHub\SpeechRecog\target\classes;C:\Users\Somnath\Downloads\javaFlacEncoder-0.3.2-all\javaFlacEncoder-0.3.2-all\javaFlacEncoder-0.3.2.jar;C:\Users\Somnath\Downloads\JARVIS-API.jar;C:\Users\Somnath\.m2\repository\com\google\cloud\google-cloud-speech\0.46.0-alpha\google-cloud-speech-0.46.0-alpha.jar;C:\Users\Somnath\.m2\repository\com\google\cloud\google-cloud-core\1.28.0\google-cloud-core-1.28.0.jar;C:\Users\Somnath\.m2\repository\com\google\guava\guava\20.0\guava-20.0.jar;C:\Users\Somnath\.m2\repository\joda-time\joda-time\2.9.2\joda-time-2.9.2.jar;C:\U
Launcher Type: SUN_STANDARD

Environment Variables:
PATH=C:\ProgramData\Oracle\Java\javapath;C:\Program Files (x86)\Intel\iCLS Client\;C:\Program Files\Intel\iCLS Client\;C:\WINDOWS\system32;C:\WINDOWS;C:\WINDOWS\System32\Wbem;C:\WINDOWS\System32\WindowsPowerShell\v1.0\;C:\Program Files (x86)\Intel\Intel(R) Management Engine Components\DAL;C:\Program Files\Intel\Intel(R) Management Engine Components\DAL;C:\Program Files (x86)\Intel\Intel(R) Management Engine Components\IPT;C:\Program Files\Intel\Intel(R) Management Engine Components\IPT;C:\Program Files\MongoDB\Server\3.4\bin;C:\Program Files\Intel\WiFi\bin\;C:\Program Files\Common Files\Intel\WirelessCommon\;C:\Program Files (x86)\MacType;C:\Program Files\nodejs\;C:\Users\Somnath\AppData\Local\Microsoft\WindowsApps;C:\Users\Somnath\AppData\Local\GitHubDesktop\bin;C:\Users\Somnath\AppData\Local\Microsoft\WindowsApps;;C:\Program Files\Microsoft VS Code\bin;C:\Users\Somnath\AppData\Roaming\npm
USERNAME=Somnath
OS=Windows_NT
PROCESSOR_IDENTIFIER=Intel64 Family 6 Model 78 Stepping 3, GenuineIntel



---------------  S Y S T E M  ---------------

OS: Windows 10.0 , 64 bit Build 16299 (10.0.16299.15)

CPU:total 4 (initial active 4) (2 cores per cpu, 2 threads per core) family 6 model 78 stepping 3, cmov, cx8, fxsr, mmx, sse, sse2, sse3, ssse3, sse4.1, sse4.2, popcnt, avx, avx2, aes, clmul, erms, 3dnowpref, lzcnt, ht, tsc, tscinvbit, bmi1, bmi2, adx

Memory: 4k page, physical 8246288k(1109656k free), swap 10193936k(1088k free)

vm_info: Java HotSpot(TM) 64-Bit Server VM (25.151-b12) for windows-amd64 JRE (1.8.0_151-b12), built on Sep  5 2017 19:33:46 by "java_re" with MS VC++ 10.0 (VS2010)

time: Sun May 06 17:07:00 2018
elapsed time: 1 seconds (0d 0h 0m 1s)

