#
# There is insufficient memory for the Java Runtime Environment to continue.
# Native memory allocation (malloc) failed to allocate 493616 bytes for Chunk::new
# Possible reasons:
#   The system is out of physical RAM or swap space
#   In 32 bit mode, the process size limit was hit
# Possible solutions:
#   Reduce memory load on the system
#   Increase physical memory or swap space
#   Check if swap backing store is full
#   Use 64 bit Java on a 64 bit OS
#   Decrease Java heap size (-Xmx/-Xms)
#   Decrease number of Java threads
#   Decrease Java thread stack sizes (-Xss)
#   Set larger code cache with -XX:ReservedCodeCacheSize=
# This output file may be truncated or incomplete.
#
#  Out of Memory Error (allocation.cpp:390), pid=11980, tid=0x00000000000003a8
#
# JRE version: Java(TM) SE Runtime Environment (8.0_151-b12) (build 1.8.0_151-b12)
# Java VM: Java HotSpot(TM) 64-Bit Server VM (25.151-b12 mixed mode windows-amd64 compressed oops)
# Failed to write core dump. Minidumps are not enabled by default on client versions of Windows
#

---------------  T H R E A D  ---------------

Current thread (0x000000001b61b000):  JavaThread "C2 CompilerThread0" daemon [_thread_in_native, id=936, stack(0x000000001b920000,0x000000001ba20000)]

Stack: [0x000000001b920000,0x000000001ba20000]
[error occurred during error reporting (printing stack bounds), id 0xc0000005]

Native frames: (J=compiled Java code, j=interpreted, Vv=VM code, C=native code)


Current CompileTask:
C2:  63900 3005   !   4       sun.misc.URLClassPath$JarLoader::getResource (353 bytes)


---------------  P R O C E S S  ---------------

Java Threads: ( => current thread )
  0x000000001c555800 JavaThread "grpc-default-worker-ELG-2-2" daemon [_thread_in_native, id=12688, stack(0x000000002d2c0000,0x000000002d3c0000)]
  0x000000001c554800 JavaThread "grpc-default-executor-0" daemon [_thread_in_native, id=9612, stack(0x000000002d0c0000,0x000000002d1c0000)]
  0x000000001bfc4000 JavaThread "grpc-default-worker-ELG-2-1" daemon [_thread_in_native, id=11424, stack(0x000000002cfc0000,0x000000002d0c0000)]
  0x000000001bfc9000 JavaThread "Thread-14" [_thread_blocked, id=14244, stack(0x000000002ccc0000,0x000000002cdc0000)]
  0x000000001bfc7000 JavaThread "Thread-13" [_thread_blocked, id=6420, stack(0x000000002cbc0000,0x000000002ccc0000)]
  0x000000001bfc6000 JavaThread "Thread-12" daemon [_thread_blocked, id=13520, stack(0x000000002cac0000,0x000000002cbc0000)]
  0x000000001bfc7800 JavaThread "Thread-11" daemon [_thread_blocked, id=6464, stack(0x000000002c9c0000,0x000000002cac0000)]
  0x000000001bfc4800 JavaThread "Thread-10" daemon [_thread_blocked, id=13576, stack(0x000000002c8c0000,0x000000002c9c0000)]
  0x000000001bfc3000 JavaThread "Java Sound Event Dispatcher" daemon [_thread_blocked, id=3020, stack(0x000000002c4c0000,0x000000002c5c0000)]
  0x000000001bfc8800 JavaThread "Thread-7" [_thread_blocked, id=9648, stack(0x000000002c0c0000,0x000000002c1c0000)]
  0x000000001bfc2800 JavaThread "Thread-6" daemon [_thread_blocked, id=14052, stack(0x000000002bdc0000,0x000000002bec0000)]
  0x000000001c4ce800 JavaThread "Prism Font Disposer" daemon [_thread_blocked, id=9596, stack(0x00000000257c0000,0x00000000258c0000)]
  0x000000001c0fa000 JavaThread "JavaFX-Launcher" [_thread_blocked, id=2572, stack(0x0000000023700000,0x0000000023800000)]
  0x000000001c0ca800 JavaThread "Thread-2" daemon [_thread_in_native, id=1112, stack(0x0000000023600000,0x0000000023700000)]
  0x000000001c0a6000 JavaThread "JavaFX Application Thread" [_thread_in_native, id=13488, stack(0x000000001ccd0000,0x000000001cdd0000)]
  0x000000001c0a3000 JavaThread "Thread-1" daemon [_thread_blocked, id=1648, stack(0x000000001cbd0000,0x000000001ccd0000)]
  0x000000001c022800 JavaThread "QuantumRenderer-0" daemon [_thread_in_native, id=9668, stack(0x000000001c8a0000,0x000000001c9a0000)]
  0x000000001b6cf800 JavaThread "Service Thread" daemon [_thread_blocked, id=1104, stack(0x000000001bc20000,0x000000001bd20000)]
  0x000000001b61d000 JavaThread "C1 CompilerThread2" daemon [_thread_in_native, id=12024, stack(0x000000001bb20000,0x000000001bc20000)]
  0x000000001b61b800 JavaThread "C2 CompilerThread1" daemon [_thread_in_native, id=8720, stack(0x000000001ba20000,0x000000001bb20000)]
=>0x000000001b61b000 JavaThread "C2 CompilerThread0" daemon [_thread_in_native, id=936, stack(0x000000001b920000,0x000000001ba20000)]
  0x000000001b5db800 JavaThread "Monitor Ctrl-Break" daemon [_thread_in_native, id=9972, stack(0x000000001b820000,0x000000001b920000)]
  0x0000000019cdf000 JavaThread "Attach Listener" daemon [_thread_blocked, id=12700, stack(0x000000001b320000,0x000000001b420000)]
  0x0000000019cde000 JavaThread "Signal Dispatcher" daemon [_thread_blocked, id=12568, stack(0x000000001b220000,0x000000001b320000)]
  0x0000000019cc8800 JavaThread "Finalizer" daemon [_thread_blocked, id=3560, stack(0x000000001af30000,0x000000001b030000)]
  0x0000000005204000 JavaThread "Reference Handler" daemon [_thread_blocked, id=14108, stack(0x000000001ae30000,0x000000001af30000)]
  0x0000000005114000 JavaThread "main" [_thread_blocked, id=14064, stack(0x0000000004e10000,0x0000000004f10000)]

Other Threads:
  0x0000000019ca7000 VMThread [stack: 0x000000001ad30000,0x000000001ae30000] [id=10468]
  0x000000001b6c5000 WatcherThread [stack: 0x000000001bd20000,0x000000001be20000] [id=3544]

VM state:not at safepoint (normal execution)

VM Mutex/Monitor currently owned by a thread:  ([mutex/lock_event])
[0x0000000004f9eb50] CodeCache_lock - owner thread: 0x000000001c554800

Heap:
 PSYoungGen      total 70656K, used 23310K [0x00000000d6100000, 0x00000000df580000, 0x0000000100000000)
  eden space 65536K, 27% used [0x00000000d6100000,0x00000000d72c92b8,0x00000000da100000)
  from space 5120K, 99% used [0x00000000da100000,0x00000000da5fa8f0,0x00000000da600000)
  to   space 23552K, 0% used [0x00000000dde80000,0x00000000dde80000,0x00000000df580000)
 ParOldGen       total 99840K, used 39282K [0x0000000082200000, 0x0000000088380000, 0x00000000d6100000)
  object space 99840K, 39% used [0x0000000082200000,0x000000008485c908,0x0000000088380000)
 Metaspace       used 29902K, capacity 30996K, committed 31360K, reserved 1077248K
  class space    used 4183K, capacity 4415K, committed 4480K, reserved 1048576K

Card table byte_map: [0x00000000145d0000,0x00000000149c0000] byte_map_base: 0x00000000141bf000

Marking Bits: (ParMarkBitMap*) 0x000000007633d850
 Begin Bits: [0x0000000015060000, 0x0000000016fd8000)
 End Bits:   [0x0000000016fd8000, 0x0000000018f50000)

Polling page: 0x0000000003490000

CodeCache: size=245760Kb used=9304Kb max_used=9304Kb free=236455Kb
 bounds [0x0000000005210000, 0x0000000005b30000, 0x0000000014210000]
 total_blobs=3831 nmethods=3019 adapters=724
 compilation: enabled

Compilation events (10 events):
Event: 63.846 Thread 0x000000001b61d000 nmethod 3027 0x0000000005b218d0 code [0x0000000005b21a40, 0x0000000005b21dc8]
Event: 63.847 Thread 0x000000001b61b800 nmethod 3028 0x0000000005b21450 code [0x0000000005b215a0, 0x0000000005b216b8]
Event: 63.854 Thread 0x000000001b61d000 3029       3       com.sun.prism.d3d.D3DShader::setConstants (64 bytes)
Event: 63.854 Thread 0x000000001b61d000 nmethod 3029 0x0000000005b20710 code [0x0000000005b208c0, 0x0000000005b20e08]
Event: 63.856 Thread 0x000000001b61d000 3031       3       com.sun.prism.impl.BaseTexture::lock (9 bytes)
Event: 63.856 Thread 0x000000001b61d000 nmethod 3031 0x0000000005b25cd0 code [0x0000000005b25e40, 0x0000000005b26090]
Event: 63.856 Thread 0x000000001b61d000 3032       1       com.sun.scenario.effect.ImageData::getUntransformedBounds (5 bytes)
Event: 63.856 Thread 0x000000001b61b800 3033       4       sun.misc.JarIndex::get (49 bytes)
Event: 63.857 Thread 0x000000001b61d000 nmethod 3032 0x0000000005b25a10 code [0x0000000005b25b60, 0x0000000005b25c70]
Event: 63.862 Thread 0x000000001b61d000 3034       3       com.sun.javafx.sg.prism.NGDefaultCamera::validate (71 bytes)

GC Heap History (10 events):
Event: 1.513 GC heap before
{Heap before GC invocations=2 (full 0):
 PSYoungGen      total 37888K, used 37877K [0x00000000d6100000, 0x00000000d8b00000, 0x0000000100000000)
  eden space 32768K, 100% used [0x00000000d6100000,0x00000000d8100000,0x00000000d8100000)
  from space 5120K, 99% used [0x00000000d8100000,0x00000000d85fd670,0x00000000d8600000)
  to   space 5120K, 0% used [0x00000000d8600000,0x00000000d8600000,0x00000000d8b00000)
 ParOldGen       total 86016K, used 2240K [0x0000000082200000, 0x0000000087600000, 0x00000000d6100000)
  object space 86016K, 2% used [0x0000000082200000,0x00000000824303e8,0x0000000087600000)
 Metaspace       used 11603K, capacity 11978K, committed 12160K, reserved 1060864K
  class space    used 1457K, capacity 1572K, committed 1664K, reserved 1048576K
Event: 1.528 GC heap after
Heap after GC invocations=2 (full 0):
 PSYoungGen      total 37888K, used 5118K [0x00000000d6100000, 0x00000000d8b00000, 0x0000000100000000)
  eden space 32768K, 0% used [0x00000000d6100000,0x00000000d6100000,0x00000000d8100000)
  from space 5120K, 99% used [0x00000000d8600000,0x00000000d8affb90,0x00000000d8b00000)
  to   space 5120K, 0% used [0x00000000d8100000,0x00000000d8100000,0x00000000d8600000)
 ParOldGen       total 86016K, used 21172K [0x0000000082200000, 0x0000000087600000, 0x00000000d6100000)
  object space 86016K, 24% used [0x0000000082200000,0x00000000836ad158,0x0000000087600000)
 Metaspace       used 11603K, capacity 11978K, committed 12160K, reserved 1060864K
  class space    used 1457K, capacity 1572K, committed 1664K, reserved 1048576K
}
Event: 3.069 GC heap before
{Heap before GC invocations=3 (full 0):
 PSYoungGen      total 37888K, used 37886K [0x00000000d6100000, 0x00000000d8b00000, 0x0000000100000000)
  eden space 32768K, 100% used [0x00000000d6100000,0x00000000d8100000,0x00000000d8100000)
  from space 5120K, 99% used [0x00000000d8600000,0x00000000d8affb90,0x00000000d8b00000)
  to   space 5120K, 0% used [0x00000000d8100000,0x00000000d8100000,0x00000000d8600000)
 ParOldGen       total 86016K, used 21172K [0x0000000082200000, 0x0000000087600000, 0x00000000d6100000)
  object space 86016K, 24% used [0x0000000082200000,0x00000000836ad158,0x0000000087600000)
 Metaspace       used 17254K, capacity 18122K, committed 18432K, reserved 1064960K
  class space    used 2524K, capacity 2710K, committed 2816K, reserved 1048576K
Event: 3.080 GC heap after
Heap after GC invocations=3 (full 0):
 PSYoungGen      total 37888K, used 5118K [0x00000000d6100000, 0x00000000dab00000, 0x0000000100000000)
  eden space 32768K, 0% used [0x00000000d6100000,0x00000000d6100000,0x00000000d8100000)
  from space 5120K, 99% used [0x00000000d8100000,0x00000000d85ffa00,0x00000000d8600000)
  to   space 5120K, 0% used [0x00000000da600000,0x00000000da600000,0x00000000dab00000)
 ParOldGen       total 86016K, used 27465K [0x0000000082200000, 0x0000000087600000, 0x00000000d6100000)
  object space 86016K, 31% used [0x0000000082200000,0x0000000083cd2548,0x0000000087600000)
 Metaspace       used 17254K, capacity 18122K, committed 18432K, reserved 1064960K
  class space    used 2524K, capacity 2710K, committed 2816K, reserved 1048576K
}
Event: 3.562 GC heap before
{Heap before GC invocations=4 (full 0):
 PSYoungGen      total 37888K, used 24042K [0x00000000d6100000, 0x00000000dab00000, 0x0000000100000000)
  eden space 32768K, 57% used [0x00000000d6100000,0x00000000d737b1a0,0x00000000d8100000)
  from space 5120K, 99% used [0x00000000d8100000,0x00000000d85ffa00,0x00000000d8600000)
  to   space 5120K, 0% used [0x00000000da600000,0x00000000da600000,0x00000000dab00000)
 ParOldGen       total 86016K, used 27465K [0x0000000082200000, 0x0000000087600000, 0x00000000d6100000)
  object space 86016K, 31% used [0x0000000082200000,0x0000000083cd2548,0x0000000087600000)
 Metaspace       used 20175K, capacity 21254K, committed 21296K, reserved 1067008K
  class space    used 2935K, capacity 3186K, committed 3200K, reserved 1048576K
Event: 3.576 GC heap after
Heap after GC invocations=4 (full 0):
 PSYoungGen      total 70656K, used 5099K [0x00000000d6100000, 0x00000000dab00000, 0x0000000100000000)
  eden space 65536K, 0% used [0x00000000d6100000,0x00000000d6100000,0x00000000da100000)
  from space 5120K, 99% used [0x00000000da600000,0x00000000daafad60,0x00000000dab00000)
  to   space 5120K, 0% used [0x00000000da100000,0x00000000da100000,0x00000000da600000)
 ParOldGen       total 86016K, used 32224K [0x0000000082200000, 0x0000000087600000, 0x00000000d6100000)
  object space 86016K, 37% used [0x0000000082200000,0x00000000841783f8,0x0000000087600000)
 Metaspace       used 20175K, capacity 21254K, committed 21296K, reserved 1067008K
  class space    used 2935K, capacity 3186K, committed 3200K, reserved 1048576K
}
Event: 3.576 GC heap before
{Heap before GC invocations=5 (full 1):
 PSYoungGen      total 70656K, used 5099K [0x00000000d6100000, 0x00000000dab00000, 0x0000000100000000)
  eden space 65536K, 0% used [0x00000000d6100000,0x00000000d6100000,0x00000000da100000)
  from space 5120K, 99% used [0x00000000da600000,0x00000000daafad60,0x00000000dab00000)
  to   space 5120K, 0% used [0x00000000da100000,0x00000000da100000,0x00000000da600000)
 ParOldGen       total 86016K, used 32224K [0x0000000082200000, 0x0000000087600000, 0x00000000d6100000)
  object space 86016K, 37% used [0x0000000082200000,0x00000000841783f8,0x0000000087600000)
 Metaspace       used 20175K, capacity 21254K, committed 21296K, reserved 1067008K
  class space    used 2935K, capacity 3186K, committed 3200K, reserved 1048576K
Event: 3.656 GC heap after
Heap after GC invocations=5 (full 1):
 PSYoungGen      total 70656K, used 0K [0x00000000d6100000, 0x00000000dab00000, 0x0000000100000000)
  eden space 65536K, 0% used [0x00000000d6100000,0x00000000d6100000,0x00000000da100000)
  from space 5120K, 0% used [0x00000000da600000,0x00000000da600000,0x00000000dab00000)
  to   space 5120K, 0% used [0x00000000da100000,0x00000000da100000,0x00000000da600000)
 ParOldGen       total 99840K, used 36825K [0x0000000082200000, 0x0000000088380000, 0x00000000d6100000)
  object space 99840K, 36% used [0x0000000082200000,0x00000000845f6460,0x0000000088380000)
 Metaspace       used 20175K, capacity 21254K, committed 21296K, reserved 1067008K
  class space    used 2935K, capacity 3186K, committed 3200K, reserved 1048576K
}
Event: 51.445 GC heap before
{Heap before GC invocations=6 (full 1):
 PSYoungGen      total 70656K, used 65536K [0x00000000d6100000, 0x00000000dab00000, 0x0000000100000000)
  eden space 65536K, 100% used [0x00000000d6100000,0x00000000da100000,0x00000000da100000)
  from space 5120K, 0% used [0x00000000da600000,0x00000000da600000,0x00000000dab00000)
  to   space 5120K, 0% used [0x00000000da100000,0x00000000da100000,0x00000000da600000)
 ParOldGen       total 99840K, used 36825K [0x0000000082200000, 0x0000000088380000, 0x00000000d6100000)
  object space 99840K, 36% used [0x0000000082200000,0x00000000845f6460,0x0000000088380000)
 Metaspace       used 28242K, capacity 29396K, committed 29568K, reserved 1075200K
  class space    used 3986K, capacity 4223K, committed 4224K, reserved 1048576K
Event: 51.454 GC heap after
Heap after GC invocations=6 (full 1):
 PSYoungGen      total 70656K, used 5098K [0x00000000d6100000, 0x00000000df580000, 0x0000000100000000)
  eden space 65536K, 0% used [0x00000000d6100000,0x00000000d6100000,0x00000000da100000)
  from space 5120K, 99% used [0x00000000da100000,0x00000000da5fa8f0,0x00000000da600000)
  to   space 23552K, 0% used [0x00000000dde80000,0x00000000dde80000,0x00000000df580000)
 ParOldGen       total 99840K, used 39282K [0x0000000082200000, 0x0000000088380000, 0x00000000d6100000)
  object space 99840K, 39% used [0x0000000082200000,0x000000008485c908,0x0000000088380000)
 Metaspace       used 28242K, capacity 29396K, committed 29568K, reserved 1075200K
  class space    used 3986K, capacity 4223K, committed 4224K, reserved 1048576K
}

Deoptimization events (10 events):
Event: 3.953 Thread 0x00000000265e6800 Uncommon trap: reason=class_check action=maybe_recompile pc=0x000000000560220c method=java.util.HashMap.putVal(ILjava/lang/Object;Ljava/lang/Object;ZZ)Ljava/lang/Object; @ 253
Event: 3.953 Thread 0x00000000265e6800 Uncommon trap: reason=class_check action=maybe_recompile pc=0x000000000560220c method=java.util.HashMap.putVal(ILjava/lang/Object;Ljava/lang/Object;ZZ)Ljava/lang/Object; @ 253
Event: 3.953 Thread 0x00000000265e6800 Uncommon trap: reason=class_check action=maybe_recompile pc=0x00000000056069a0 method=java.util.HashMap.putVal(ILjava/lang/Object;Ljava/lang/Object;ZZ)Ljava/lang/Object; @ 253
Event: 5.904 Thread 0x00000000265e6800 Uncommon trap: reason=unstable_if action=reinterpret pc=0x0000000005896238 method=java.math.MutableBigInteger.divideOneWord(ILjava/math/MutableBigInteger;)I @ 88
Event: 6.113 Thread 0x00000000265e6800 Uncommon trap: reason=unstable_if action=reinterpret pc=0x0000000005898fc8 method=java.util.HashMap.putVal(ILjava/lang/Object;Ljava/lang/Object;ZZ)Ljava/lang/Object; @ 236
Event: 6.259 Thread 0x00000000265e6800 Uncommon trap: reason=unstable_if action=reinterpret pc=0x00000000058d6090 method=java.lang.Integer.numberOfTrailingZeros(I)I @ 16
Event: 6.259 Thread 0x00000000265e6800 Uncommon trap: reason=unstable_if action=reinterpret pc=0x0000000005918c14 method=java.math.BigInteger.trustedStripLeadingZeroInts([I)[I @ 7
Event: 9.307 Thread 0x000000001bfc9000 Uncommon trap: reason=predicate action=maybe_recompile pc=0x0000000005a40b98 method=javaFlacEncoder.LPC.createAutoCorrelation([J[IIIII)V @ 31
Event: 63.637 Thread 0x000000001c0a6000 Uncommon trap: reason=unstable_if action=reinterpret pc=0x0000000005acd920 method=javafx.scene.image.Image$ObjectPropertyImpl.markInvalid()V @ 4
Event: 63.751 Thread 0x000000001c554800 Uncommon trap: reason=unstable_if action=reinterpret pc=0x000000000591971c method=java.lang.CharacterDataLatin1.digit(II)I @ 82

Internal exceptions (10 events):
Event: 1.343 Thread 0x000000001c0a6000 Exception <a 'java/io/FileNotFoundException'> (0x00000000d7aeda98) thrown at [C:\re\workspace\8-2-build-windows-amd64-cygwin\jdk8u151\9699\hotspot\src\share\vm\prims\jni.cpp, line 709]
Event: 1.733 Thread 0x000000001c0a6000 Exception <a 'java/io/FileNotFoundException'> (0x00000000d63591c0) thrown at [C:\re\workspace\8-2-build-windows-amd64-cygwin\jdk8u151\9699\hotspot\src\share\vm\prims\jni.cpp, line 709]
Event: 2.039 Thread 0x000000001c0a6000 Exception <a 'java/lang/ArrayIndexOutOfBoundsException'> (0x00000000d713e6c0) thrown at [C:\re\workspace\8-2-build-windows-amd64-cygwin\jdk8u151\9699\hotspot\src\share\vm\runtime\sharedRuntime.cpp, line 605]
Event: 2.186 Thread 0x000000001c0a6000 Implicit null exception at 0x00000000054d45b5 to 0x00000000054d47cd
Event: 2.347 Thread 0x000000001c0a6000 Exception <a 'java/io/FileNotFoundException'> (0x00000000d74eaa20) thrown at [C:\re\workspace\8-2-build-windows-amd64-cygwin\jdk8u151\9699\hotspot\src\share\vm\prims\jni.cpp, line 709]
Event: 3.895 Thread 0x00000000265e6800 Exception <a 'java/lang/NoClassDefFoundError': org/slf4j/LoggerFactory> (0x00000000d6e6b308) thrown at [C:\re\workspace\8-2-build-windows-amd64-cygwin\jdk8u151\9699\hotspot\src\share\vm\classfile\systemDictionary.cpp, line 199]
Event: 3.898 Thread 0x00000000265e6800 Exception <a 'java/lang/NoClassDefFoundError': org/apache/log4j/Priority> (0x00000000d6e97430) thrown at [C:\re\workspace\8-2-build-windows-amd64-cygwin\jdk8u151\9699\hotspot\src\share\vm\classfile\systemDictionary.cpp, line 199]
Event: 3.947 Thread 0x00000000265e6800 Exception <a 'java/lang/reflect/InvocationTargetException'> (0x00000000d71eac40) thrown at [C:\re\workspace\8-2-build-windows-amd64-cygwin\jdk8u151\9699\hotspot\src\share\vm\runtime\reflection.cpp, line 1092]
Event: 6.186 Thread 0x00000000265e6800 Exception <a 'java/lang/Exception': Failed to initialize SSL_CTX (error:00000000:invalid library (0):OPENSSL_internal:invalid library (0))> (0x00000000d820b0e8) thrown at [C:\re\workspace\8-2-build-windows-amd64-cygwin\jdk8u151\9699\hotspot\src\share\vm\p
Event: 6.186 Thread 0x00000000265e6800 Exception <a 'java/lang/Exception': Failed to initialize SSL_CTX (error:00000000:invalid library (0):OPENSSL_internal:invalid library (0))> (0x00000000d820b3e8) thrown at [C:\re\workspace\8-2-build-windows-amd64-cygwin\jdk8u151\9699\hotspot\src\share\vm\p

Events (10 events):
Event: 63.853 loading class io/grpc/netty/shaded/io/netty/handler/codec/ValueConverter
Event: 63.853 loading class io/grpc/netty/shaded/io/netty/handler/codec/ValueConverter done
Event: 63.855 loading class io/grpc/netty/shaded/io/netty/handler/codec/UnsupportedValueConverter
Event: 63.855 loading class io/grpc/netty/shaded/io/netty/handler/codec/UnsupportedValueConverter done
Event: 63.856 loading class io/grpc/netty/shaded/io/netty/handler/codec/DefaultHeaders$NameValidator
Event: 63.856 loading class io/grpc/netty/shaded/io/netty/handler/codec/DefaultHeaders$NameValidator done
Event: 63.856 loading class io/grpc/netty/shaded/io/netty/handler/codec/DefaultHeaders$NameValidator$1
Event: 63.856 loading class io/grpc/netty/shaded/io/netty/handler/codec/DefaultHeaders$NameValidator$1 done
Event: 63.857 loading class io/grpc/netty/shaded/io/netty/handler/codec/DefaultHeaders$HeaderEntry
Event: 63.857 loading class io/grpc/netty/shaded/io/netty/handler/codec/DefaultHeaders$HeaderEntry done


Dynamic libraries:
0x00007ff6507e0000 - 0x00007ff650817000 	C:\Program Files\Java\jdk1.8.0_151\bin\java.exe
0x00007ffa10240000 - 0x00007ffa10420000 	C:\WINDOWS\SYSTEM32\ntdll.dll
0x00007ffa0dd30000 - 0x00007ffa0ddde000 	C:\WINDOWS\System32\KERNEL32.DLL
0x00007ffa0c890000 - 0x00007ffa0caf6000 	C:\WINDOWS\System32\KERNELBASE.dll
0x00007ffa0e0b0000 - 0x00007ffa0e151000 	C:\WINDOWS\System32\ADVAPI32.dll
0x00007ffa10090000 - 0x00007ffa1012d000 	C:\WINDOWS\System32\msvcrt.dll
0x00007ffa0f830000 - 0x00007ffa0f88b000 	C:\WINDOWS\System32\sechost.dll
0x00007ffa0e2d0000 - 0x00007ffa0e3ef000 	C:\WINDOWS\System32\RPCRT4.dll
0x00007ffa0df20000 - 0x00007ffa0e0af000 	C:\WINDOWS\System32\USER32.dll
0x00007ffa0d520000 - 0x00007ffa0d540000 	C:\WINDOWS\System32\win32u.dll
0x00007ffa0fb00000 - 0x00007ffa0fb28000 	C:\WINDOWS\System32\GDI32.dll
0x00007ffa0c6f0000 - 0x00007ffa0c883000 	C:\WINDOWS\System32\gdi32full.dll
0x00007ffa0ccb0000 - 0x00007ffa0cd4b000 	C:\WINDOWS\System32\msvcp_win.dll
0x00007ffa0cb00000 - 0x00007ffa0cbf6000 	C:\WINDOWS\System32\ucrtbase.dll
0x00007ff9fa640000 - 0x00007ff9fa8a9000 	C:\WINDOWS\WinSxS\amd64_microsoft.windows.common-controls_6595b64144ccf1df_6.0.16299.431_none_15c7d3ee93659e73\COMCTL32.dll
0x00007ffa0da00000 - 0x00007ffa0dd08000 	C:\WINDOWS\System32\combase.dll
0x00007ffa0cd50000 - 0x00007ffa0cdc2000 	C:\WINDOWS\System32\bcryptPrimitives.dll
0x00007ffa10130000 - 0x00007ffa1015d000 	C:\WINDOWS\System32\IMM32.DLL
0x00000000771c0000 - 0x0000000077292000 	C:\Program Files\Java\jdk1.8.0_151\jre\bin\msvcr100.dll
0x0000000075b20000 - 0x00000000763bd000 	C:\Program Files\Java\jdk1.8.0_151\jre\bin\server\jvm.dll
0x00007ffa0dde0000 - 0x00007ffa0dde8000 	C:\WINDOWS\System32\PSAPI.DLL
0x00007ffa0b220000 - 0x00007ffa0b229000 	C:\WINDOWS\SYSTEM32\WSOCK32.dll
0x00007ffa0fa90000 - 0x00007ffa0fafc000 	C:\WINDOWS\System32\WS2_32.dll
0x00007ffa096c0000 - 0x00007ffa096e3000 	C:\WINDOWS\SYSTEM32\WINMM.dll
0x00007ffa003b0000 - 0x00007ffa003ba000 	C:\WINDOWS\SYSTEM32\VERSION.dll
0x00007ffa09690000 - 0x00007ffa096ba000 	C:\WINDOWS\SYSTEM32\WINMMBASE.dll
0x00007ffa0cc60000 - 0x00007ffa0ccaa000 	C:\WINDOWS\System32\cfgmgr32.dll
0x0000000077e10000 - 0x0000000077e1f000 	C:\Program Files\Java\jdk1.8.0_151\jre\bin\verify.dll
0x0000000077de0000 - 0x0000000077e09000 	C:\Program Files\Java\jdk1.8.0_151\jre\bin\java.dll
0x0000000077db0000 - 0x0000000077dd3000 	C:\Program Files\Java\jdk1.8.0_151\jre\bin\instrument.dll
0x0000000077d90000 - 0x0000000077da6000 	C:\Program Files\Java\jdk1.8.0_151\jre\bin\zip.dll
0x00007ffa0e3f0000 - 0x00007ffa0f828000 	C:\WINDOWS\System32\SHELL32.dll
0x00007ffa10160000 - 0x00007ffa10206000 	C:\WINDOWS\System32\shcore.dll
0x00007ffa0cdd0000 - 0x00007ffa0d517000 	C:\WINDOWS\System32\windows.storage.dll
0x00007ffa0f890000 - 0x00007ffa0f8e1000 	C:\WINDOWS\System32\shlwapi.dll
0x00007ffa0c620000 - 0x00007ffa0c631000 	C:\WINDOWS\System32\kernel.appcore.dll
0x00007ffa0c590000 - 0x00007ffa0c5dc000 	C:\WINDOWS\System32\powrprof.dll
0x00007ffa0c5e0000 - 0x00007ffa0c5fb000 	C:\WINDOWS\System32\profapi.dll
0x00007ffa017f0000 - 0x00007ffa0180a000 	C:\Program Files\JetBrains\IntelliJ IDEA 2017.2.6\bin\breakgen64.dll
0x00000000771a0000 - 0x00000000771ba000 	C:\Program Files\Java\jdk1.8.0_151\jre\bin\net.dll
0x00007ffa0be20000 - 0x00007ffa0be86000 	C:\WINDOWS\system32\mswsock.dll
0x0000000003540000 - 0x0000000003543000 	C:\Program Files\Java\jdk1.8.0_151\jre\bin\api-ms-win-core-console-l1-1-0.dll
0x0000000003550000 - 0x0000000003553000 	C:\Program Files\Java\jdk1.8.0_151\jre\bin\api-ms-win-core-datetime-l1-1-0.dll
0x0000000004f10000 - 0x0000000004f13000 	C:\Program Files\Java\jdk1.8.0_151\jre\bin\api-ms-win-core-debug-l1-1-0.dll
0x0000000004f20000 - 0x0000000004f23000 	C:\Program Files\Java\jdk1.8.0_151\jre\bin\api-ms-win-core-errorhandling-l1-1-0.dll
0x0000000004f30000 - 0x0000000004f34000 	C:\Program Files\Java\jdk1.8.0_151\jre\bin\api-ms-win-core-file-l1-1-0.dll
0x0000000004f40000 - 0x0000000004f43000 	C:\Program Files\Java\jdk1.8.0_151\jre\bin\api-ms-win-core-file-l1-2-0.dll
0x0000000004f50000 - 0x0000000004f53000 	C:\Program Files\Java\jdk1.8.0_151\jre\bin\api-ms-win-core-file-l2-1-0.dll
0x0000000004f60000 - 0x0000000004f63000 	C:\Program Files\Java\jdk1.8.0_151\jre\bin\api-ms-win-core-handle-l1-1-0.dll
0x0000000004f70000 - 0x0000000004f73000 	C:\Program Files\Java\jdk1.8.0_151\jre\bin\api-ms-win-core-heap-l1-1-0.dll
0x0000000004f80000 - 0x0000000004f83000 	C:\Program Files\Java\jdk1.8.0_151\jre\bin\api-ms-win-core-interlocked-l1-1-0.dll
0x00000000050a0000 - 0x00000000050a3000 	C:\Program Files\Java\jdk1.8.0_151\jre\bin\api-ms-win-core-libraryloader-l1-1-0.dll
0x00000000050b0000 - 0x00000000050b3000 	C:\Program Files\Java\jdk1.8.0_151\jre\bin\api-ms-win-core-localization-l1-2-0.dll
0x00000000050c0000 - 0x00000000050c3000 	C:\Program Files\Java\jdk1.8.0_151\jre\bin\api-ms-win-core-memory-l1-1-0.dll
0x00000000050d0000 - 0x00000000050d3000 	C:\Program Files\Java\jdk1.8.0_151\jre\bin\api-ms-win-core-namedpipe-l1-1-0.dll
0x00000000050e0000 - 0x00000000050e3000 	C:\Program Files\Java\jdk1.8.0_151\jre\bin\api-ms-win-core-processenvironment-l1-1-0.dll
0x00000000050f0000 - 0x00000000050f3000 	C:\Program Files\Java\jdk1.8.0_151\jre\bin\api-ms-win-core-processthreads-l1-1-0.dll
0x000000001c620000 - 0x000000001c623000 	C:\Program Files\Java\jdk1.8.0_151\jre\bin\api-ms-win-core-processthreads-l1-1-1.dll
0x000000001c630000 - 0x000000001c633000 	C:\Program Files\Java\jdk1.8.0_151\jre\bin\api-ms-win-core-profile-l1-1-0.dll
0x000000001c640000 - 0x000000001c643000 	C:\Program Files\Java\jdk1.8.0_151\jre\bin\api-ms-win-core-rtlsupport-l1-1-0.dll
0x000000001c650000 - 0x000000001c653000 	C:\Program Files\Java\jdk1.8.0_151\jre\bin\api-ms-win-core-string-l1-1-0.dll
0x000000001c660000 - 0x000000001c663000 	C:\Program Files\Java\jdk1.8.0_151\jre\bin\api-ms-win-core-synch-l1-1-0.dll
0x000000001c670000 - 0x000000001c673000 	C:\Program Files\Java\jdk1.8.0_151\jre\bin\api-ms-win-core-synch-l1-2-0.dll
0x000000001c680000 - 0x000000001c683000 	C:\Program Files\Java\jdk1.8.0_151\jre\bin\api-ms-win-core-sysinfo-l1-1-0.dll
0x000000001c690000 - 0x000000001c693000 	C:\Program Files\Java\jdk1.8.0_151\jre\bin\api-ms-win-core-timezone-l1-1-0.dll
0x000000001c6a0000 - 0x000000001c6a3000 	C:\Program Files\Java\jdk1.8.0_151\jre\bin\api-ms-win-core-util-l1-1-0.dll
0x000000001c6b0000 - 0x000000001c6b3000 	C:\Program Files\Java\jdk1.8.0_151\jre\bin\api-ms-win-crt-conio-l1-1-0.dll
0x000000001c6c0000 - 0x000000001c6c4000 	C:\Program Files\Java\jdk1.8.0_151\jre\bin\api-ms-win-crt-convert-l1-1-0.dll
0x000000001c6d0000 - 0x000000001c6d3000 	C:\Program Files\Java\jdk1.8.0_151\jre\bin\api-ms-win-crt-environment-l1-1-0.dll
0x000000001c6e0000 - 0x000000001c6e3000 	C:\Program Files\Java\jdk1.8.0_151\jre\bin\api-ms-win-crt-filesystem-l1-1-0.dll
0x000000001c6f0000 - 0x000000001c6f3000 	C:\Program Files\Java\jdk1.8.0_151\jre\bin\api-ms-win-crt-heap-l1-1-0.dll
0x000000001c700000 - 0x000000001c703000 	C:\Program Files\Java\jdk1.8.0_151\jre\bin\api-ms-win-crt-locale-l1-1-0.dll
0x000000001c710000 - 0x000000001c715000 	C:\Program Files\Java\jdk1.8.0_151\jre\bin\api-ms-win-crt-math-l1-1-0.dll
0x000000001c720000 - 0x000000001c725000 	C:\Program Files\Java\jdk1.8.0_151\jre\bin\api-ms-win-crt-multibyte-l1-1-0.dll
0x000000001c730000 - 0x000000001c740000 	C:\Program Files\Java\jdk1.8.0_151\jre\bin\api-ms-win-crt-private-l1-1-0.dll
0x000000001c740000 - 0x000000001c743000 	C:\Program Files\Java\jdk1.8.0_151\jre\bin\api-ms-win-crt-process-l1-1-0.dll
0x000000001c750000 - 0x000000001c754000 	C:\Program Files\Java\jdk1.8.0_151\jre\bin\api-ms-win-crt-runtime-l1-1-0.dll
0x000000001c760000 - 0x000000001c764000 	C:\Program Files\Java\jdk1.8.0_151\jre\bin\api-ms-win-crt-stdio-l1-1-0.dll
0x000000001c770000 - 0x000000001c774000 	C:\Program Files\Java\jdk1.8.0_151\jre\bin\api-ms-win-crt-string-l1-1-0.dll
0x000000001c780000 - 0x000000001c783000 	C:\Program Files\Java\jdk1.8.0_151\jre\bin\api-ms-win-crt-time-l1-1-0.dll
0x000000001c790000 - 0x000000001c793000 	C:\Program Files\Java\jdk1.8.0_151\jre\bin\api-ms-win-crt-utility-l1-1-0.dll
0x00007ff9e02f0000 - 0x00007ff9e03e6000 	C:\Program Files\Java\jdk1.8.0_151\jre\bin\ucrtbase.dll
0x00007ffa016a0000 - 0x00007ffa016f1000 	C:\Program Files\Java\jdk1.8.0_151\jre\bin\concrt140.dll
0x00007ff9e0250000 - 0x00007ff9e02ef000 	C:\WINDOWS\SYSTEM32\MSVCP140.dll
0x00007ffa00f20000 - 0x00007ffa00f36000 	C:\WINDOWS\SYSTEM32\VCRUNTIME140.dll
0x00007ffa01730000 - 0x00007ffa01746000 	C:\Program Files\Java\jdk1.8.0_151\jre\bin\vcruntime140.dll
0x00007ff9ca160000 - 0x00007ff9ca1fc000 	C:\Program Files\Java\jdk1.8.0_151\jre\bin\msvcp140.dll
0x0000000075af0000 - 0x0000000075b13000 	C:\Program Files\Java\jdk1.8.0_151\jre\bin\prism_d3d.dll
0x00007ff9f5530000 - 0x00007ff9f56c5000 	C:\WINDOWS\system32\d3d9.dll
0x00007ffa0a4c0000 - 0x00007ffa0a4ea000 	C:\WINDOWS\SYSTEM32\dwmapi.dll
0x00007ffa09f70000 - 0x00007ffa0a005000 	C:\WINDOWS\system32\uxtheme.dll
0x00007ff9ca9a0000 - 0x00007ff9ce1f9000 	C:\WINDOWS\System32\DriverStore\FileRepository\igdlh64.inf_amd64_453d2af85bf95078\igdumdim64.dll
0x00007ffa0ddf0000 - 0x00007ffa0deb5000 	C:\WINDOWS\System32\OLEAUT32.dll
0x00007ffa0d710000 - 0x00007ffa0d859000 	C:\WINDOWS\System32\ole32.dll
0x00007ffa0fc40000 - 0x00007ffa1008e000 	C:\WINDOWS\System32\SETUPAPI.dll
0x0000000075aa0000 - 0x0000000075ae9000 	C:\Program Files\Java\jdk1.8.0_151\jre\bin\glass.dll
0x00007ffa0fb30000 - 0x00007ffa0fc3a000 	C:\WINDOWS\System32\COMDLG32.dll
0x00007ffa0e160000 - 0x00007ffa0e2c7000 	C:\WINDOWS\System32\MSCTF.dll
0x00007ff9f3120000 - 0x00007ff9f31c9000 	C:\Program Files\Common Files\microsoft shared\ink\tiptsf.dll
0x00007ffa01bb0000 - 0x00007ffa031b2000 	C:\WINDOWS\System32\DriverStore\FileRepository\igdlh64.inf_amd64_453d2af85bf95078\igc64.dll
0x0000000075a60000 - 0x0000000075a74000 	C:\Program Files\Java\jdk1.8.0_151\jre\bin\javafx_font.dll
0x00007ff9fe800000 - 0x00007ff9feb10000 	C:\WINDOWS\SYSTEM32\dwrite.dll
0x00007ffa0f970000 - 0x00007ffa0fa0e000 	C:\WINDOWS\System32\clbcatq.dll
0x00007ffa05e20000 - 0x00007ffa05fcb000 	C:\WINDOWS\SYSTEM32\WindowsCodecs.dll
0x00007ff9ed340000 - 0x00007ff9ed38f000 	C:\WINDOWS\system32\dataexchange.dll
0x00007ffa09c50000 - 0x00007ffa09d92000 	C:\WINDOWS\system32\dcomp.dll
0x00007ffa08cd0000 - 0x00007ffa08fb2000 	C:\WINDOWS\system32\d3d11.dll
0x00007ffa0b4b0000 - 0x00007ffa0b55f000 	C:\WINDOWS\system32\dxgi.dll
0x00007ffa0a180000 - 0x00007ffa0a2fb000 	C:\WINDOWS\system32\twinapi.appcore.dll
0x00007ffa0a020000 - 0x00007ffa0a040000 	C:\WINDOWS\system32\RMCLIENT.dll
0x00007ffa0c0f0000 - 0x00007ffa0c115000 	C:\WINDOWS\system32\bcrypt.dll
0x00007ffa017b0000 - 0x00007ffa017e4000 	C:\Program Files\Common Files\Microsoft Shared\Ink\rtscom.dll
0x00007ff9ff130000 - 0x00007ff9ff336000 	C:\Windows\System32\uiautomationcore.dll
0x00007ffa00650000 - 0x00007ffa006e8000 	C:\WINDOWS\System32\TextInputFramework.dll
0x00007ffa050a0000 - 0x00007ffa0538e000 	C:\WINDOWS\System32\CoreUIComponents.dll
0x00007ffa08fc0000 - 0x00007ffa0909c000 	C:\WINDOWS\System32\CoreMessaging.dll
0x00007ffa07d10000 - 0x00007ffa07e46000 	C:\WINDOWS\SYSTEM32\wintypes.dll
0x00007ffa0b6c0000 - 0x00007ffa0b6f1000 	C:\WINDOWS\SYSTEM32\ntmarta.dll
0x00007ffa0c3f0000 - 0x00007ffa0c48a000 	C:\WINDOWS\SYSTEM32\sxs.dll
0x00007ff9fbf50000 - 0x00007ff9fbfbe000 	C:\WINDOWS\SYSTEM32\OLEACC.dll
0x0000000075a40000 - 0x0000000075a52000 	C:\Program Files\Java\jdk1.8.0_151\jre\bin\prism_common.dll
0x00007ffa0bfe0000 - 0x00007ffa0bff7000 	C:\WINDOWS\SYSTEM32\CRYPTSP.dll
0x00007ffa0ba20000 - 0x00007ffa0ba53000 	C:\WINDOWS\system32\rsaenh.dll
0x00007ffa0c4c0000 - 0x00007ffa0c4e9000 	C:\WINDOWS\SYSTEM32\USERENV.dll
0x00007ffa0c000000 - 0x00007ffa0c00b000 	C:\WINDOWS\SYSTEM32\CRYPTBASE.dll
0x00007ffa0bbb0000 - 0x00007ffa0bbe9000 	C:\WINDOWS\SYSTEM32\IPHLPAPI.DLL
0x00007ffa0dd10000 - 0x00007ffa0dd18000 	C:\WINDOWS\System32\NSI.dll
0x00007ffa06bf0000 - 0x00007ffa06c06000 	C:\WINDOWS\SYSTEM32\dhcpcsvc6.DLL

VM Arguments:
jvm_args: -javaagent:C:\Program Files\JetBrains\IntelliJ IDEA 2017.2.6\lib\idea_rt.jar=54127:C:\Program Files\JetBrains\IntelliJ IDEA 2017.2.6\bin -Dfile.encoding=UTF-8 
java_command: sample.Main
java_class_path (initial): C:\Program Files\Java\jdk1.8.0_151\jre\lib\charsets.jar;C:\Program Files\Java\jdk1.8.0_151\jre\lib\deploy.jar;C:\Program Files\Java\jdk1.8.0_151\jre\lib\ext\access-bridge-64.jar;C:\Program Files\Java\jdk1.8.0_151\jre\lib\ext\cldrdata.jar;C:\Program Files\Java\jdk1.8.0_151\jre\lib\ext\dnsns.jar;C:\Program Files\Java\jdk1.8.0_151\jre\lib\ext\jaccess.jar;C:\Program Files\Java\jdk1.8.0_151\jre\lib\ext\jfxrt.jar;C:\Program Files\Java\jdk1.8.0_151\jre\lib\ext\localedata.jar;C:\Program Files\Java\jdk1.8.0_151\jre\lib\ext\nashorn.jar;C:\Program Files\Java\jdk1.8.0_151\jre\lib\ext\sunec.jar;C:\Program Files\Java\jdk1.8.0_151\jre\lib\ext\sunjce_provider.jar;C:\Program Files\Java\jdk1.8.0_151\jre\lib\ext\sunmscapi.jar;C:\Program Files\Java\jdk1.8.0_151\jre\lib\ext\sunpkcs11.jar;C:\Program Files\Java\jdk1.8.0_151\jre\lib\ext\zipfs.jar;C:\Program Files\Java\jdk1.8.0_151\jre\lib\javaws.jar;C:\Program Files\Java\jdk1.8.0_151\jre\lib\jce.jar;C:\Program Files\Java\jdk1.8.0_151\jre\lib\jfr.jar;C:\Program Files\Java\jdk1.8.0_151\jre\lib\jfxswt.jar;C:\Program Files\Java\jdk1.8.0_151\jre\lib\jsse.jar;C:\Program Files\Java\jdk1.8.0_151\jre\lib\management-agent.jar;C:\Program Files\Java\jdk1.8.0_151\jre\lib\plugin.jar;C:\Program Files\Java\jdk1.8.0_151\jre\lib\resources.jar;C:\Program Files\Java\jdk1.8.0_151\jre\lib\rt.jar;C:\Users\Somnath\Downloads\WhatsApp for Java Mobile Phone.jar;C:\Users\Somnath\Documents\GitHub\SpeechRecog\SpeechRecog-Desktop-App-V1\target\classes;C:\Users\Somnath\Downloads\javaFlacEncoder-0.3.2-all\javaFlacEncoder-0.3.2-all\javaFlacEncoder-0.3.2.jar;C:\Users\Somnath\Downloads\JARVIS-API.jar;C:\Users\Somnath\.m2\repository\com\google\cloud\google-cloud-speech\0.46.0-alpha\google-cloud-speech-0.46.0-alpha.jar;C:\Users\Somnath\.m2\repository\com\google\cloud\google-cloud-core\1.28.0\google-cloud-core-1.28.0.jar;C:\Users\Somnath\.m2\repository\com\google\guava\guava\20.0\guava-20.0.jar;C:\Users\Somnath\.m2\repository\joda-time\joda-time\2.9
Launcher Type: SUN_STANDARD

Environment Variables:
PATH=C:\ProgramData\Anaconda;C:\ProgramData\Anaconda\Library\mingw-w64\bin;C:\ProgramData\Anaconda\Library\usr\bin;C:\ProgramData\Anaconda\Library\bin;C:\ProgramData\Anaconda\Scripts;C:\ProgramData\Oracle\Java\javapath;C:\Program Files (x86)\Intel\iCLS Client\;C:\Program Files\Intel\iCLS Client\;C:\WINDOWS\system32;C:\WINDOWS;C:\WINDOWS\System32\Wbem;C:\WINDOWS\System32\WindowsPowerShell\v1.0\;C:\Program Files (x86)\Intel\Intel(R) Management Engine Components\DAL;C:\Program Files\Intel\Intel(R) Management Engine Components\DAL;C:\Program Files (x86)\Intel\Intel(R) Management Engine Components\IPT;C:\Program Files\Intel\Intel(R) Management Engine Components\IPT;C:\Program Files\MongoDB\Server\3.4\bin;C:\Program Files\Intel\WiFi\bin\;C:\Program Files\Common Files\Intel\WirelessCommon\;C:\Program Files (x86)\MacType;C:\Program Files\nodejs\;C:\Users\Somnath\AppData\Local\Microsoft\WindowsApps;C:\Users\Somnath\AppData\Local\GitHubDesktop\bin;C:\Users\Somnath\AppData\Local\Microsoft\WindowsApps;;C:\Program Files\Microsoft VS Code\bin;C:\Users\Somnath\AppData\Roaming\npm
USERNAME=Somnath
OS=Windows_NT
PROCESSOR_IDENTIFIER=Intel64 Family 6 Model 78 Stepping 3, GenuineIntel



---------------  S Y S T E M  ---------------

OS: Windows 10.0 , 64 bit Build 16299 (10.0.16299.431)

CPU:total 4 (initial active 4) (2 cores per cpu, 2 threads per core) family 6 model 78 stepping 3, cmov, cx8, fxsr, mmx, sse, sse2, sse3, ssse3, sse4.1, sse4.2, popcnt, avx, avx2, aes, clmul, erms, 3dnowpref, lzcnt, ht, tsc, tscinvbit, bmi1, bmi2, adx

Memory: 4k page, physical 8246288k(1518228k free), swap 10193936k(4856k free)

vm_info: Java HotSpot(TM) 64-Bit Server VM (25.151-b12) for windows-amd64 JRE (1.8.0_151-b12), built on Sep  5 2017 19:33:46 by "java_re" with MS VC++ 10.0 (VS2010)

time: Thu May 10 17:09:07 2018
elapsed time: 63 seconds (0d 0h 1m 3s)

